Using pre-set license
Built from '2020.3/staging' branch; Version is '2020.3.23f1 (c5d91304a876) revision 12966163'; Using compiler version '192528614'; Build Type 'Release'
OS: 'Windows 10 Pro; OS build 19044.2006; Version 2009; 64bit' Language: 'ja' Physical Memory: 8122 MB
BatchMode: 1, IsHumanControllingUs: 0, StartBugReporterOnCrash: 0, Is64bit: 1, IsPro: 0

COMMAND LINE ARGUMENTS:
C:\Program Files\Unity\Hub\Editor\2020.3.23f1\Editor\Unity.exe
-adb2
-batchMode
-noUpm
-name
AssetImportWorker1
-projectPath
C:/Users/isima/Desktop/Mirai0/MIRAISOUZOU
-logFile
Logs/AssetImportWorker1.log
-srvPort
62212
Successfully changed project path to: C:/Users/isima/Desktop/Mirai0/MIRAISOUZOU
C:/Users/isima/Desktop/Mirai0/MIRAISOUZOU
Using Asset Import Pipeline V2.
Refreshing native plugins compatible for Editor in 4891.40 ms, found 17 plugins.
Preloading 2 native plugins for Editor in 675.97 ms.
Initialize engine version: 2020.3.23f1 (c5d91304a876)
[Subsystems] Discovering subsystems at path C:/Program Files/Unity/Hub/Editor/2020.3.23f1/Editor/Data/Resources/UnitySubsystems
[Subsystems] Discovering subsystems at path C:/Users/isima/Desktop/Mirai0/MIRAISOUZOU/Assets
GfxDevice: creating device client; threaded=0
Direct3D:
    Version:  Direct3D 11.0 [level 11.1]
    Renderer: Intel(R) HD Graphics 620 (ID=0x5916)
    Vendor:   
    VRAM:     4061 MB
    Driver:   27.20.100.9416
Shader 'Oculus/OVRMRCameraFrameLit': fallback shader 'Alpha-Diffuse' not found
