Using pre-set license
Built from '2020.3/staging' branch; Version is '2020.3.26f1 (7298b473bc1a) revision 7510196'; Using compiler version '192528614'; Build Type 'Release'
OS: 'Windows 10  (10.0.19044) 64bit Professional' Language: 'ja' Physical Memory: 8122 MB
BatchMode: 1, IsHumanControllingUs: 0, StartBugReporterOnCrash: 0, Is64bit: 1, IsPro: 0

COMMAND LINE ARGUMENTS:
C:\Program Files\Unity\Hub\Editor\Unity 2020.3.26f1\Editor\Unity.exe
-adb2
-batchMode
-noUpm
-name
AssetImportWorker6
-projectPath
C:/Users/isima/Desktop/Mirai0/MIRAISOUZOU
-logFile
Logs/AssetImportWorker6.log
-srvPort
63914
Successfully changed project path to: C:/Users/isima/Desktop/Mirai0/MIRAISOUZOU
C:/Users/isima/Desktop/Mirai0/MIRAISOUZOU
Using Asset Import Pipeline V2.
Refreshing native plugins compatible for Editor in 426.34 ms, found 17 plugins.
Preloading 2 native plugins for Editor in 8.67 ms.
Initialize engine version: 2020.3.26f1 (7298b473bc1a)
[Subsystems] Discovering subsystems at path C:/Program Files/Unity/Hub/Editor/Unity 2020.3.26f1/Editor/Data/Resources/UnitySubsystems
[Subsystems] Discovering subsystems at path C:/Users/isima/Desktop/Mirai0/MIRAISOUZOU/Assets
GfxDevice: creating device client; threaded=0
Direct3D:
    Version:  Direct3D 11.0 [level 11.1]
    Renderer: Intel(R) HD Graphics 620 (ID=0x5916)
    Vendor:   
    VRAM:     4061 MB
    Driver:   27.20.100.9416
Shader 'Oculus/OVRMRCameraFrameLit': fallback shader 'Alpha-Diffuse' not found
Initialize mono
Mono path[0] = 'C:/Program Files/Unity/Hub/Editor/Unity 2020.3.26f1/Editor/Data/Managed'
Mono path[1] = 'C:/Program Files/Unity/Hub/Editor/Unity 2020.3.26f1/Editor/Data/MonoBleedingEdge/lib/mono/unityjit'
Mono config path = 'C:/Program Files/Unity/Hub/Editor/Unity 2020.3.26f1/Editor/Data/MonoBleedingEdge/etc'
Using monoOptions --debugger-agent=transport=dt_socket,embedding=1,server=y,suspend=n,address=127.0.0.1:56624
Begin MonoManager ReloadAssembly
Registering precompiled unity dll's ...
Register platform support module: C:/Program Files/Unity/Hub/Editor/Unity 2020.3.26f1/Editor/Data/PlaybackEngines/WindowsStandaloneSupport/UnityEditor.WindowsStandalone.Extensions.dll
Registered in 0.007786 seconds.
Native extension for WindowsStandalone target not found
Refreshing native plugins compatible for Editor in 204.19 ms, found 17 plugins.
Preloading 2 native plugins for Editor in 0.58 ms.
Mono: successfully reloaded assembly
- Completed reload, in  1.430 seconds
Domain Reload Profiling:
	ReloadAssembly (1430ms)
		BeginReloadAssembly (207ms)
			ExecutionOrderSort (0ms)
			DisableScriptedObjects (0ms)
			BackupInstance (0ms)
			ReleaseScriptingObjects (0ms)
			CreateAndSetChildDomain (3ms)
		EndReloadAssembly (1019ms)
			LoadAssemblies (190ms)
			RebuildTransferFunctionScriptingTraits (0ms)
			SetupTypeCache (296ms)
			ReleaseScriptCaches (0ms)
			RebuildScriptCaches (65ms)
			SetupLoadedEditorAssemblies (426ms)
				LogAssemblyErrors (0ms)
				InitializePlatformSupportModulesInManaged (11ms)
				SetLoadedEditorAssemblies (0ms)
				RefreshPlugins (205ms)
				BeforeProcessingInitializeOnLoad (29ms)
				ProcessInitializeOnLoadAttributes (133ms)
				ProcessInitializeOnLoadMethodAttributes (47ms)
				AfterProcessingInitializeOnLoad (0ms)
				EditorAssembliesLoaded (0ms)
			ExecutionOrderSort2 (0ms)
			AwakeInstancesAfterBackupRestoration (0ms)
Platform modules already initialized, skipping
Registering precompiled user dll's ...
Registered in 0.082546 seconds.
Begin MonoManager ReloadAssembly
Native extension for WindowsStandalone target not found
Refreshing native plugins compatible for Editor in 192.19 ms, found 17 plugins.
Preloading 2 native plugins for Editor in 0.38 ms.
[XR] OculusXRPlugin: registering subsystems
[XR] Unable to register display lifecyle provider: [1]
[XR] Oculus Input lifecycle provider registered.
[XR] Unable to register input lifecyle provider: [1]
[XR] OVRP version 1.67.0
Mono: successfully reloaded assembly
- Completed reload, in  7.455 seconds
Domain Reload Profiling:
	ReloadAssembly (7456ms)
		BeginReloadAssembly (298ms)
			ExecutionOrderSort (0ms)
			DisableScriptedObjects (8ms)
			BackupInstance (0ms)
			ReleaseScriptingObjects (0ms)
			CreateAndSetChildDomain (31ms)
		EndReloadAssembly (7014ms)
			LoadAssemblies (3491ms)
			RebuildTransferFunctionScriptingTraits (0ms)
			SetupTypeCache (1062ms)
			ReleaseScriptCaches (1ms)
			RebuildScriptCaches (126ms)
			SetupLoadedEditorAssemblies (1991ms)
				LogAssemblyErrors (0ms)
				InitializePlatformSupportModulesInManaged (5ms)
				SetLoadedEditorAssemblies (0ms)
				RefreshPlugins (193ms)
				BeforeProcessingInitializeOnLoad (270ms)
				ProcessInitializeOnLoadAttributes (568ms)
				ProcessInitializeOnLoadMethodAttributes (921ms)
				AfterProcessingInitializeOnLoad (33ms)
				EditorAssembliesLoaded (1ms)
			ExecutionOrderSort2 (0ms)
			AwakeInstancesAfterBackupRestoration (15ms)
Platform modules already initialized, skipping
========================================================================
Worker process is ready to serve import requests
Shader 'Oculus/OVRMRCameraFrameLit': fallback shader 'Alpha-Diffuse' not found
Launched and connected shader compiler UnityShaderCompiler.exe after 0.36 seconds
Refreshing native plugins compatible for Editor in 3.73 ms, found 17 plugins.
Preloading 2 native plugins for Editor in 0.65 ms.
Unloading 4507 Unused Serialized files (Serialized files now loaded: 0)
System memory in use before: 173.8 MB.
System memory in use after: 173.9 MB.

Unloading 77 unused Assets to reduce memory usage. Loaded Objects now: 4899.
Total: 12.400900 ms (FindLiveObjects: 1.299200 ms CreateObjectMapping: 1.262500 ms MarkObjects: 9.567500 ms  DeleteObjects: 0.265300 ms)

AssetImportParameters requested are different than current active one (requested -> active):
  custom:framework-win-MediaFoundation: 216162199b28c13a410421893ffa2e32 -> 
  custom:video-decoder-ogg-theora: a1e56fd34408186e4bbccfd4996cb3dc -> 
  custom:container-muxer-webm: aa71ff27fc2769a1b78a27578f13a17b -> 
  custom:container-demuxer-webm: 4f35f7cbe854078d1ac9338744f61a02 -> 
  custom:container-demuxer-ogg: 62fdf1f143b41e24485cea50d1cbac27 -> 
  custom:video-encoder-webm-vp8: eb34c28f22e8b96e1ab97ce403110664 -> 
  custom:video-codec-MediaFoundation-h265: 746d11721c4dcdbdad8f713fa42b33f4 -> 
  custom:video-decoder-webm-vp8: 9c59270c3fd7afecdb556c50c9e8de78 -> 
  custom:audio-decoder-ogg-vorbis: bf7c407c2cedff20999df2af8eb42d56 -> 
  custom:audio-encoder-webm-vorbis: bf7c407c2cedff20999df2af8eb42d56 -> 
========================================================================
Received Import Request.
  path: Assets/05_Setting
  artifactKey: Guid(ca10be34a97fe3f408dbacf21a4faa6c) Importer(815301076,1909f56bfc062723c751e8b465ee728b)
Start importing Assets/05_Setting using Guid(ca10be34a97fe3f408dbacf21a4faa6c) Importer(815301076,1909f56bfc062723c751e8b465ee728b)  -> (artifact id: 'c94e959d56d65afe7738132c045afc75') in 0.336885 seconds 
  Import took 0.350733 seconds .

========================================================================
Received Import Request.
  Time since last request: 0.000480 seconds.
  path: Assets/Oculus/SampleFramework/Usage/SpatialAnchor/Textures/OCUI_24_Filled_2x.png
  artifactKey: Guid(7f186a9ac091755489927d745be0185a) Importer(815301076,1909f56bfc062723c751e8b465ee728b)
Start importing Assets/Oculus/SampleFramework/Usage/SpatialAnchor/Textures/OCUI_24_Filled_2x.png using Guid(7f186a9ac091755489927d745be0185a) Importer(815301076,1909f56bfc062723c751e8b465ee728b)  -> (artifact id: '52ff94841bf5b5347fa78c3a90064249') in 5.772098 seconds 
  Import took 5.796468 seconds .

========================================================================
Received Import Request.
  Time since last request: 0.000508 seconds.
  path: Assets/XR/Settings/AR Core Settings.asset
  artifactKey: Guid(b2439d9650fc66e44a595677aa77bab5) Importer(815301076,1909f56bfc062723c751e8b465ee728b)
Start importing Assets/XR/Settings/AR Core Settings.asset using Guid(b2439d9650fc66e44a595677aa77bab5) Importer(815301076,1909f56bfc062723c751e8b465ee728b)  -> (artifact id: 'fde7ccbe5785f3e421e8bad2ec954dbc') in 0.364733 seconds 
  Import took 0.387949 seconds .

========================================================================
Received Import Request.
  Time since last request: 0.000685 seconds.
  path: Assets/XR/Loaders
  artifactKey: Guid(8abd0515267824d82915b19345730a06) Importer(815301076,1909f56bfc062723c751e8b465ee728b)
Start importing Assets/XR/Loaders using Guid(8abd0515267824d82915b19345730a06) Importer(815301076,1909f56bfc062723c751e8b465ee728b)  -> (artifact id: '8a082e6146b1290a96f90491981b2d2c') in 0.141463 seconds 
  Import took 0.165139 seconds .

========================================================================
Received Import Request.
  Time since last request: 0.000621 seconds.
  path: Assets/XRI/Settings/Resources/InteractionLayerSettings.asset
  artifactKey: Guid(614cff9aeabab2843a1848cf0dada832) Importer(815301076,1909f56bfc062723c751e8b465ee728b)
Start importing Assets/XRI/Settings/Resources/InteractionLayerSettings.asset using Guid(614cff9aeabab2843a1848cf0dada832) Importer(815301076,1909f56bfc062723c751e8b465ee728b)  -> (artifact id: 'c175d100861bf8c765709ffeaa5834aa') in 0.080537 seconds 
  Import took 0.110022 seconds .

========================================================================
Received Import Request.
  Time since last request: 0.000557 seconds.
  path: Assets/Oculus/SampleFramework/Usage/SpatialAnchor
  artifactKey: Guid(9d27de4a23d06f548b384aa9add6982f) Importer(815301076,1909f56bfc062723c751e8b465ee728b)
Start importing Assets/Oculus/SampleFramework/Usage/SpatialAnchor using Guid(9d27de4a23d06f548b384aa9add6982f) Importer(815301076,1909f56bfc062723c751e8b465ee728b)  -> (artifact id: '13061e7839d6417df152eac2e76947c5') in 0.047038 seconds 
  Import took 0.070755 seconds .

========================================================================
Received Import Request.
  Time since last request: 0.000349 seconds.
  path: Assets/Resources
  artifactKey: Guid(21bcc5e4f205b3045ae70d84497d7f9c) Importer(815301076,1909f56bfc062723c751e8b465ee728b)
Start importing Assets/Resources using Guid(21bcc5e4f205b3045ae70d84497d7f9c) Importer(815301076,1909f56bfc062723c751e8b465ee728b)  -> (artifact id: '0ada0264eb4cb11c28423767caff8d6d') in 0.100110 seconds 
  Import took 0.117251 seconds .

========================================================================
Received Import Request.
  Time since last request: 0.000526 seconds.
  path: Assets/Oculus/SampleFramework/Core/Locomotion/TeleportLaser.prefab
  artifactKey: Guid(95b2b00d2fc56fa4c806f2cda99f5f89) Importer(815301076,1909f56bfc062723c751e8b465ee728b)
Start importing Assets/Oculus/SampleFramework/Core/Locomotion/TeleportLaser.prefab using Guid(95b2b00d2fc56fa4c806f2cda99f5f89) Importer(815301076,1909f56bfc062723c751e8b465ee728b)  -> (artifact id: '778bb6b8685d3f78c13dc5d243078903') in 0.333924 seconds 
  Import took 0.393354 seconds .

========================================================================
Received Import Request.
  Time since last request: 0.000307 seconds.
  path: Assets/XR
  artifactKey: Guid(22baeac49dfd54025859cd02808b06f8) Importer(815301076,1909f56bfc062723c751e8b465ee728b)
Start importing Assets/XR using Guid(22baeac49dfd54025859cd02808b06f8) Importer(815301076,1909f56bfc062723c751e8b465ee728b)  -> (artifact id: '6696d22c4f5c9b1409d5dde786729e3f') in 0.229956 seconds 
  Import took 0.258468 seconds .

========================================================================
Received Import Request.
  Time since last request: 0.000333 seconds.
  path: Assets/XRI
  artifactKey: Guid(4729ef1217d9313418fc5ae4f793cc1d) Importer(815301076,1909f56bfc062723c751e8b465ee728b)
Start importing Assets/XRI using Guid(4729ef1217d9313418fc5ae4f793cc1d) Importer(815301076,1909f56bfc062723c751e8b465ee728b)  -> (artifact id: 'd8d18e122242172e78c8ce89f94bd3be') in 0.096251 seconds 
  Import took 0.162557 seconds .

========================================================================
Received Import Request.
  Time since last request: 0.000594 seconds.
  path: Assets/XR/Settings/OpenXR Package Settings.asset
  artifactKey: Guid(87250e2ed304d5a4ba9eb63d651dea3d) Importer(815301076,1909f56bfc062723c751e8b465ee728b)
Start importing Assets/XR/Settings/OpenXR Package Settings.asset using Guid(87250e2ed304d5a4ba9eb63d651dea3d) Importer(815301076,1909f56bfc062723c751e8b465ee728b)  -> (artifact id: '226fd304d42b30a0c5e02e50c8e95168') in 0.081600 seconds 
  Import took 0.114407 seconds .

========================================================================
Received Import Request.
  Time since last request: 0.000652 seconds.
  path: Assets/Resources/ONSPSettings.asset
  artifactKey: Guid(fe87aec5116c1f8429ba57886429cb04) Importer(815301076,1909f56bfc062723c751e8b465ee728b)
Start importing Assets/Resources/ONSPSettings.asset using Guid(fe87aec5116c1f8429ba57886429cb04) Importer(815301076,1909f56bfc062723c751e8b465ee728b)  -> (artifact id: 'e20f10ba171f5077f19e958f5cba0d05') in 0.149579 seconds 
  Import took 0.178435 seconds .

========================================================================
Received Import Request.
  Time since last request: 0.000664 seconds.
  path: Assets/XR/Loaders/AR Kit Loader.asset
  artifactKey: Guid(a7b1ab0172115f041803a4bf6027dbfd) Importer(815301076,1909f56bfc062723c751e8b465ee728b)
Start importing Assets/XR/Loaders/AR Kit Loader.asset using Guid(a7b1ab0172115f041803a4bf6027dbfd) Importer(815301076,1909f56bfc062723c751e8b465ee728b)  -> (artifact id: 'e2e1508ec480c88c079fab179c396fba') in 0.052863 seconds 
  Import took 0.082415 seconds .

========================================================================
Received Import Request.
  Time since last request: 0.000495 seconds.
  path: Assets/XR/XRGeneralSettings.asset
  artifactKey: Guid(1a4c68ca72a83449f938d669337cb305) Importer(815301076,1909f56bfc062723c751e8b465ee728b)
Start importing Assets/XR/XRGeneralSettings.asset using Guid(1a4c68ca72a83449f938d669337cb305) Importer(815301076,1909f56bfc062723c751e8b465ee728b)  -> (artifact id: '3e8431bf271b2511e9663484052d140d') in 0.186890 seconds 
  Import took 0.208121 seconds .

========================================================================
Received Import Request.
  Time since last request: 0.000555 seconds.
  path: Assets/XR/Loaders/Open XR Loader No Pre Init.asset
  artifactKey: Guid(a45b466b923382b4e9a13a15cc4974a5) Importer(815301076,1909f56bfc062723c751e8b465ee728b)
Start importing Assets/XR/Loaders/Open XR Loader No Pre Init.asset using Guid(a45b466b923382b4e9a13a15cc4974a5) Importer(815301076,1909f56bfc062723c751e8b465ee728b) [XR] Error loading subsystem: Display (1) (header mismatch?)
 -> (artifact id: '6ef1816c9e29d7e5a6910516bf23e726') in 0.609534 seconds 
  Import took 0.636428 seconds .

========================================================================
Received Import Request.
  Time since last request: 0.000648 seconds.
  path: Assets/Oculus/Spatializer/Oculus.Spatializer.asmdef
  artifactKey: Guid(3d2c6c35bff878341a57ebf7a749f298) Importer(815301076,1909f56bfc062723c751e8b465ee728b)
Start importing Assets/Oculus/Spatializer/Oculus.Spatializer.asmdef using Guid(3d2c6c35bff878341a57ebf7a749f298) Importer(815301076,1909f56bfc062723c751e8b465ee728b)  -> (artifact id: '1e167cd8b03c2feb4c5e5ca168eeaa87') in 0.038344 seconds 
  Import took 0.062565 seconds .

========================================================================
Received Import Request.
  Time since last request: 0.000419 seconds.
  path: Assets/05_Setting/PlayerData.asset
  artifactKey: Guid(d75076caee880fe40b9b69a78fca8ef9) Importer(815301076,1909f56bfc062723c751e8b465ee728b)
Start importing Assets/05_Setting/PlayerData.asset using Guid(d75076caee880fe40b9b69a78fca8ef9) Importer(815301076,1909f56bfc062723c751e8b465ee728b)  -> (artifact id: 'dc4ff418b4e8a73051cf38d141654344') in 0.030261 seconds 
  Import took 0.049286 seconds .

========================================================================
Received Import Request.
  Time since last request: 0.000515 seconds.
  path: Assets/XRI/Settings/XRInteractionEditorSettings.asset
  artifactKey: Guid(3797b1e836980804baa0ff0c008381f2) Importer(815301076,1909f56bfc062723c751e8b465ee728b)
Start importing Assets/XRI/Settings/XRInteractionEditorSettings.asset using Guid(3797b1e836980804baa0ff0c008381f2) Importer(815301076,1909f56bfc062723c751e8b465ee728b)  -> (artifact id: '589f22255eaebb0bc8d5be83c2c9958e') in 0.132955 seconds 
  Import took 0.148849 seconds .

========================================================================
Received Import Request.
  Time since last request: 0.000341 seconds.
  path: Assets/XR/Loaders/AR Core Loader.asset
  artifactKey: Guid(29a6e0739625cdc4f9982bfb08a28c9f) Importer(815301076,1909f56bfc062723c751e8b465ee728b)
Start importing Assets/XR/Loaders/AR Core Loader.asset using Guid(29a6e0739625cdc4f9982bfb08a28c9f) Importer(815301076,1909f56bfc062723c751e8b465ee728b)  -> (artifact id: '32ad273aaf71351d83286440a81ba654') in 0.135179 seconds 
  Import took 0.154475 seconds .

========================================================================
Received Import Request.
  Time since last request: 0.000571 seconds.
  path: Assets/Resources/OVRPlatformToolSettings.asset
  artifactKey: Guid(ee214bc4f6e957c4c8b2022b99192c10) Importer(815301076,1909f56bfc062723c751e8b465ee728b)
Start importing Assets/Resources/OVRPlatformToolSettings.asset using Guid(ee214bc4f6e957c4c8b2022b99192c10) Importer(815301076,1909f56bfc062723c751e8b465ee728b)  -> (artifact id: '888228717b78f43af7280e90b2ec1b9d') in 0.115036 seconds 
  Import took 0.137492 seconds .

========================================================================
Received Import Request.
  Time since last request: 0.000487 seconds.
  path: Assets/Oculus/Spatializer/scenes/mixers/SpatializerMixer.mixer
  artifactKey: Guid(1dd706bb85d8aef4e83a6229dbd62c36) Importer(815301076,1909f56bfc062723c751e8b465ee728b)
Start importing Assets/Oculus/Spatializer/scenes/mixers/SpatializerMixer.mixer using Guid(1dd706bb85d8aef4e83a6229dbd62c36) Importer(815301076,1909f56bfc062723c751e8b465ee728b)  -> (artifact id: '9cc33c1318076e61e40a99bc7765803a') in 0.139927 seconds 
  Import took 0.162539 seconds .

========================================================================
Received Import Request.
  Time since last request: 0.000517 seconds.
  path: Assets/Oculus/Spatializer/scenes/materials/SpatializedObject2.mat
  artifactKey: Guid(f54ef0e328359c14b9005f8a48cbd66b) Importer(815301076,1909f56bfc062723c751e8b465ee728b)
Start importing Assets/Oculus/Spatializer/scenes/materials/SpatializedObject2.mat using Guid(f54ef0e328359c14b9005f8a48cbd66b) Importer(815301076,1909f56bfc062723c751e8b465ee728b)  -> (artifact id: '48982fcab399f46f9fa8c69cd686f839') in 1.862824 seconds 
  Import took 1.884807 seconds .

========================================================================
Received Import Request.
  Time since last request: 0.000491 seconds.
  path: Assets/XR/Loaders/Open XR Loader.asset
  artifactKey: Guid(f587af5a256c35841a54d1f088053da9) Importer(815301076,1909f56bfc062723c751e8b465ee728b)
Start importing Assets/XR/Loaders/Open XR Loader.asset using Guid(f587af5a256c35841a54d1f088053da9) Importer(815301076,1909f56bfc062723c751e8b465ee728b)  -> (artifact id: '6d70c44500db01359e01238f43017af0') in 0.189359 seconds 
  Import took 0.224639 seconds .

========================================================================
Received Import Request.
  Time since last request: 0.000466 seconds.
  path: Assets/XRI/Settings/Resources
  artifactKey: Guid(c7aff0409ed73664397d3e02cc2075c5) Importer(815301076,1909f56bfc062723c751e8b465ee728b)
Start importing Assets/XRI/Settings/Resources using Guid(c7aff0409ed73664397d3e02cc2075c5) Importer(815301076,1909f56bfc062723c751e8b465ee728b)  -> (artifact id: '666d02cfa8436ae6c4c6d2e56588fd18') in 0.039969 seconds 
  Import took 0.104171 seconds .

========================================================================
Received Import Request.
  Time since last request: 0.000564 seconds.
  path: Assets/Oculus/SampleFramework/Core/Locomotion/Materials/TeleportLaser.mat
  artifactKey: Guid(a379cec2ba497874788d17eb312c61be) Importer(815301076,1909f56bfc062723c751e8b465ee728b)
Start importing Assets/Oculus/SampleFramework/Core/Locomotion/Materials/TeleportLaser.mat using Guid(a379cec2ba497874788d17eb312c61be) Importer(815301076,1909f56bfc062723c751e8b465ee728b)  -> (artifact id: '61067fa4cb68a1f8fcfd614362e4feea') in 0.336425 seconds 
  Import took 0.367235 seconds .

========================================================================
Received Import Request.
  Time since last request: 0.000844 seconds.
  path: Assets/Oculus/SampleFramework/Usage/HandsTrainExample/Materials/SelectionCylinderBase.mat
  artifactKey: Guid(12d9a49768b575643a552c2ce6fdc26e) Importer(815301076,1909f56bfc062723c751e8b465ee728b)
Start importing Assets/Oculus/SampleFramework/Usage/HandsTrainExample/Materials/SelectionCylinderBase.mat using Guid(12d9a49768b575643a552c2ce6fdc26e) Importer(815301076,1909f56bfc062723c751e8b465ee728b)  -> (artifact id: 'ac364ac1add87235b8a3802147f73ca7') in 0.111174 seconds 
  Import took 0.159503 seconds .

========================================================================
Received Import Request.
  Time since last request: 0.000509 seconds.
  path: Assets/Oculus/SampleFramework/Usage/SpatialAnchor/Prefabs
  artifactKey: Guid(38433a3a0a02b054ba5252c8fbfc578f) Importer(815301076,1909f56bfc062723c751e8b465ee728b)
Start importing Assets/Oculus/SampleFramework/Usage/SpatialAnchor/Prefabs using Guid(38433a3a0a02b054ba5252c8fbfc578f) Importer(815301076,1909f56bfc062723c751e8b465ee728b)  -> (artifact id: '539dbbf8db5ef7c21ef7d2607a11d78a') in 0.141625 seconds 
  Import took 0.173203 seconds .

========================================================================
Received Import Request.
  Time since last request: 0.000366 seconds.
  path: Assets/Oculus/SampleFramework/Usage/HandsTrainExample/Models/TrainPalette.FBX
  artifactKey: Guid(bd0bb729cb6159b4ab21c5f62cad24ee) Importer(815301076,1909f56bfc062723c751e8b465ee728b)
Start importing Assets/Oculus/SampleFramework/Usage/HandsTrainExample/Models/TrainPalette.FBX using Guid(bd0bb729cb6159b4ab21c5f62cad24ee) Importer(815301076,1909f56bfc062723c751e8b465ee728b)  -> (artifact id: '92b711de6a5e3a91d4cfe48bd40c5f64') in 3.804530 seconds 
  Import took 3.831085 seconds .

========================================================================
Received Import Request.
  Time since last request: 0.000746 seconds.
  path: Assets/XR/Settings
  artifactKey: Guid(e46a7475b581f492b93350cfd49fe84c) Importer(815301076,1909f56bfc062723c751e8b465ee728b)
Start importing Assets/XR/Settings using Guid(e46a7475b581f492b93350cfd49fe84c) Importer(815301076,1909f56bfc062723c751e8b465ee728b)  -> (artifact id: 'e0fb5bc46d99929cb4244685a62289ea') in 0.073235 seconds 
  Import took 0.091543 seconds .

========================================================================
Received Import Request.
  Time since last request: 0.000399 seconds.
  path: Assets/Oculus/SampleFramework/Usage/SpatialAnchor/Prefabs/DemoAnchorPlacement.prefab
  artifactKey: Guid(bfee9d7faddbe8d40b04d370732cdb52) Importer(815301076,1909f56bfc062723c751e8b465ee728b)
Start importing Assets/Oculus/SampleFramework/Usage/SpatialAnchor/Prefabs/DemoAnchorPlacement.prefab using Guid(bfee9d7faddbe8d40b04d370732cdb52) Importer(815301076,1909f56bfc062723c751e8b465ee728b)  -> (artifact id: '5086f49681d4ec4e9a660f6872c12c04') in 0.457666 seconds 
  Import took 0.475690 seconds .

========================================================================
Received Import Request.
  Time since last request: 0.000349 seconds.
  path: Assets/Oculus/SampleFramework/Usage/SpatialAnchor/Prefabs/DemoAnchorPrefab.prefab
  artifactKey: Guid(cbd6efbdc5102a044bf11631bfccb0c1) Importer(815301076,1909f56bfc062723c751e8b465ee728b)
Start importing Assets/Oculus/SampleFramework/Usage/SpatialAnchor/Prefabs/DemoAnchorPrefab.prefab using Guid(cbd6efbdc5102a044bf11631bfccb0c1) Importer(815301076,1909f56bfc062723c751e8b465ee728b)  -> (artifact id: 'b60f929852ab341d1c09cdd0d262c42c') in 0.088595 seconds 
  Import took 0.140247 seconds .

========================================================================
Received Import Request.
  Time since last request: 0.000353 seconds.
  path: Assets/XRI/Settings
  artifactKey: Guid(f1d62c5d892827f4ea0a618588c600c9) Importer(815301076,1909f56bfc062723c751e8b465ee728b)
Start importing Assets/XRI/Settings using Guid(f1d62c5d892827f4ea0a618588c600c9) Importer(815301076,1909f56bfc062723c751e8b465ee728b)  -> (artifact id: 'ab30545b0fd85bdf7536eb88f1b187a6') in 0.026143 seconds 
  Import took 0.048987 seconds .

========================================================================
Received Import Request.
  Time since last request: 0.000243 seconds.
  path: Assets/Oculus/SampleFramework/Core/TouchControllers/Materials/touchController_basecolor.mat
  artifactKey: Guid(1caef85feb223044d801a24540271231) Importer(815301076,1909f56bfc062723c751e8b465ee728b)
Start importing Assets/Oculus/SampleFramework/Core/TouchControllers/Materials/touchController_basecolor.mat using Guid(1caef85feb223044d801a24540271231) Importer(815301076,1909f56bfc062723c751e8b465ee728b)  -> (artifact id: 'd5af24be687b82bbdaca803174a07ca8') in 0.081325 seconds 
  Import took 0.104566 seconds .

========================================================================
Received Import Request.
  Time since last request: 0.000643 seconds.
  path: Assets/XR/Settings/AR Kit Settings.asset
  artifactKey: Guid(717bd4d1a7556f04a861aac40fa365f0) Importer(815301076,1909f56bfc062723c751e8b465ee728b)
Start importing Assets/XR/Settings/AR Kit Settings.asset using Guid(717bd4d1a7556f04a861aac40fa365f0) Importer(815301076,1909f56bfc062723c751e8b465ee728b)  -> (artifact id: '702b6469ba33787d3f6583a99a65fefe') in 0.025671 seconds 
  Import took 0.040168 seconds .

========================================================================
Received Import Request.
  Time since last request: 0.000338 seconds.
  path: Assets/Oculus/Spatializer/scenes/materials/SpatializedObject1.mat
  artifactKey: Guid(6498d4298a35c5c44894b5f194468896) Importer(815301076,1909f56bfc062723c751e8b465ee728b)
Start importing Assets/Oculus/Spatializer/scenes/materials/SpatializedObject1.mat using Guid(6498d4298a35c5c44894b5f194468896) Importer(815301076,1909f56bfc062723c751e8b465ee728b)  -> (artifact id: 'c1adcf1b32b51b193b4e9e05fc1d30ef') in 0.064670 seconds 
  Import took 0.077461 seconds .

========================================================================
Received Import Request.
  Time since last request: 0.000382 seconds.
  path: Assets/Oculus/Spatializer/editor/Oculus.Spatializer.Editor.asmdef
  artifactKey: Guid(5c45576b5244bbf4ebf491eae8b06528) Importer(815301076,1909f56bfc062723c751e8b465ee728b)
Start importing Assets/Oculus/Spatializer/editor/Oculus.Spatializer.Editor.asmdef using Guid(5c45576b5244bbf4ebf491eae8b06528) Importer(815301076,1909f56bfc062723c751e8b465ee728b)  -> (artifact id: 'bf206658bca2b9782adc88d66ddc4719') in 0.093404 seconds 
  Import took 0.111591 seconds .

========================================================================
Received Import Request.
  Time since last request: 1711.094599 seconds.
  path: Assets/Oculus/Spatializer/scenes/materials/AmbisonicObject1.mat
  artifactKey: Guid(584662273d60a0f47bd7fecbb570e66e) Importer(815301076,1909f56bfc062723c751e8b465ee728b)
Start importing Assets/Oculus/Spatializer/scenes/materials/AmbisonicObject1.mat using Guid(584662273d60a0f47bd7fecbb570e66e) Importer(815301076,1909f56bfc062723c751e8b465ee728b)  -> (artifact id: '70573e4962eb83872990e8c65ae81e6d') in 0.124522 seconds 
  Import took 0.147584 seconds .

========================================================================
Received Import Request.
  Time since last request: 0.000608 seconds.
  path: Assets/Oculus/Spatializer/scenes/materials/Ground.mat
  artifactKey: Guid(e121bf11a9143914dbafa9e733415f2a) Importer(815301076,1909f56bfc062723c751e8b465ee728b)
Start importing Assets/Oculus/Spatializer/scenes/materials/Ground.mat using Guid(e121bf11a9143914dbafa9e733415f2a) Importer(815301076,1909f56bfc062723c751e8b465ee728b)  -> (artifact id: '4288911239c4ccff66e12b7741c86e1b') in 0.151254 seconds 
  Import took 0.179099 seconds .

========================================================================
Received Import Request.
  Time since last request: 774.705757 seconds.
  path: Assets/Oculus/Spatializer
  artifactKey: Guid(73db0e8c4fafd5343b9b45a0276144f7) Importer(815301076,1909f56bfc062723c751e8b465ee728b)
Start importing Assets/Oculus/Spatializer using Guid(73db0e8c4fafd5343b9b45a0276144f7) Importer(815301076,1909f56bfc062723c751e8b465ee728b)  -> (artifact id: '4e8c37c0e6680c215de93136c88a0b59') in 0.029122 seconds 
  Import took 0.091093 seconds .

========================================================================
Received Import Request.
  Time since last request: 44.322208 seconds.
  path: Assets/Oculus/Spatializer/Plugins/AudioPluginOculusSpatializer.bundle/Contents/MacOS/AudioPluginOculusSpatializer
  artifactKey: Guid(d30fa5ec198d5a447baff58cab962d9e) Importer(815301076,1909f56bfc062723c751e8b465ee728b)
Start importing Assets/Oculus/Spatializer/Plugins/AudioPluginOculusSpatializer.bundle/Contents/MacOS/AudioPluginOculusSpatializer using Guid(d30fa5ec198d5a447baff58cab962d9e) Importer(815301076,1909f56bfc062723c751e8b465ee728b)  -> (artifact id: 'c689cea63deedf928e68341778885f6b') in 0.028114 seconds 
  Import took 0.044209 seconds .

========================================================================
Received Import Request.
  Time since last request: 1.945408 seconds.
  path: Assets/Oculus/Spatializer/Plugins/x86/AudioPluginOculusSpatializer.dll
  artifactKey: Guid(5db503868c12ca843801ea5a18eb3d1c) Importer(815301076,1909f56bfc062723c751e8b465ee728b)
Start importing Assets/Oculus/Spatializer/Plugins/x86/AudioPluginOculusSpatializer.dll using Guid(5db503868c12ca843801ea5a18eb3d1c) Importer(815301076,1909f56bfc062723c751e8b465ee728b)  -> (artifact id: 'f4415a7556a34ce08fed280a7ee7379b') in 0.391235 seconds 
  Import took 0.411924 seconds .

========================================================================
Received Import Request.
  Time since last request: 0.814767 seconds.
  path: Assets/Oculus/Spatializer/Plugins/x86_64/AudioPluginOculusSpatializer.dll
  artifactKey: Guid(b1647b9d3b54cf741a53c529c11df7c5) Importer(815301076,1909f56bfc062723c751e8b465ee728b)
Start importing Assets/Oculus/Spatializer/Plugins/x86_64/AudioPluginOculusSpatializer.dll using Guid(b1647b9d3b54cf741a53c529c11df7c5) Importer(815301076,1909f56bfc062723c751e8b465ee728b)  -> (artifact id: '26d283ce8f68b04f497ffbf9e2c1b96d') in 0.008860 seconds 
  Import took 0.022617 seconds .

========================================================================
Received Import Request.
  Time since last request: 15.280858 seconds.
  path: Assets/Oculus/Spatializer/Plugins/Android/libs/arm64-v8a/libAudioPluginOculusSpatializer.so
  artifactKey: Guid(a57801270cf689244b48012cf9db1713) Importer(815301076,1909f56bfc062723c751e8b465ee728b)
Start importing Assets/Oculus/Spatializer/Plugins/Android/libs/arm64-v8a/libAudioPluginOculusSpatializer.so using Guid(a57801270cf689244b48012cf9db1713) Importer(815301076,1909f56bfc062723c751e8b465ee728b)  -> (artifact id: 'f2989aa6d8b49864b9813347a4a9cd0a') in 0.042579 seconds 
  Import took 0.054044 seconds .

========================================================================
Received Import Request.
  Time since last request: 4.278469 seconds.
  path: Assets/Oculus/Spatializer/Plugins/Android/libs/armeabi-v7a/libAudioPluginOculusSpatializer.so
  artifactKey: Guid(7fbe62f1c7858f945993b181b759a64b) Importer(815301076,1909f56bfc062723c751e8b465ee728b)
Start importing Assets/Oculus/Spatializer/Plugins/Android/libs/armeabi-v7a/libAudioPluginOculusSpatializer.so using Guid(7fbe62f1c7858f945993b181b759a64b) Importer(815301076,1909f56bfc062723c751e8b465ee728b)  -> (artifact id: '005cdd932ccc21a8b0c43b13c4dd2a8b') in 0.031792 seconds 
  Import took 0.044117 seconds .

========================================================================
Received Import Request.
  Time since last request: 50.161610 seconds.
  path: Assets/Oculus/Voice/Lib/PlatformCompatibility/Scripts/Editor/AssistantCoreSDKEditor.asmdef
  artifactKey: Guid(a32f21e557428c84e845c18e46d9284f) Importer(815301076,1909f56bfc062723c751e8b465ee728b)
Start importing Assets/Oculus/Voice/Lib/PlatformCompatibility/Scripts/Editor/AssistantCoreSDKEditor.asmdef using Guid(a32f21e557428c84e845c18e46d9284f) Importer(815301076,1909f56bfc062723c751e8b465ee728b)  -> (artifact id: 'fc53a37d5f46441730389a965ab61be6') in 0.006953 seconds 
  Import took 0.018381 seconds .

========================================================================
Received Import Request.
  Time since last request: 0.000276 seconds.
  path: Packages/com.unity.ide.visualstudio/Editor/com.unity.ide.visualstudio.asmdef
  artifactKey: Guid(b93f844d45cfcc44fa2b0eed5c9ec6bb) Importer(815301076,1909f56bfc062723c751e8b465ee728b)
Start importing Packages/com.unity.ide.visualstudio/Editor/com.unity.ide.visualstudio.asmdef using Guid(b93f844d45cfcc44fa2b0eed5c9ec6bb) Importer(815301076,1909f56bfc062723c751e8b465ee728b)  -> (artifact id: 'f7c166c5239c9f94d6347c9b443d9b01') in 0.006983 seconds 
  Import took 0.015503 seconds .

========================================================================
Received Import Request.
  Time since last request: 0.000303 seconds.
  path: Packages/com.unity.ide.rider/Rider/Editor/com.unity.ide.rider.asmdef
  artifactKey: Guid(d528c8c98d269ca44a06cd9624a03945) Importer(815301076,1909f56bfc062723c751e8b465ee728b)
Start importing Packages/com.unity.ide.rider/Rider/Editor/com.unity.ide.rider.asmdef using Guid(d528c8c98d269ca44a06cd9624a03945) Importer(815301076,1909f56bfc062723c751e8b465ee728b)  -> (artifact id: '66e1e44df00fa750fc3b002d47a42d5f') in 0.059236 seconds 
  Import took 0.110730 seconds .

========================================================================
Received Import Request.
  Time since last request: 0.000397 seconds.
  path: Assets/Oculus/Voice/Lib/PlatformCompatibility/Scripts/Runtime/AssistantCoreSDKRuntime.asmdef
  artifactKey: Guid(a7c32ded21d3b9b42a71cdf39f2ed8da) Importer(815301076,1909f56bfc062723c751e8b465ee728b)
Start importing Assets/Oculus/Voice/Lib/PlatformCompatibility/Scripts/Runtime/AssistantCoreSDKRuntime.asmdef using Guid(a7c32ded21d3b9b42a71cdf39f2ed8da) Importer(815301076,1909f56bfc062723c751e8b465ee728b)  -> (artifact id: 'b85eab88418f214e58a83049ba963195') in 0.056870 seconds 
  Import took 0.082785 seconds .

========================================================================
Received Import Request.
  Time since last request: 0.000297 seconds.
  path: Packages/com.unity.multiplayer-hlapi/Tests/Editor/com.unity.multiplayer-hlapi.EditorTests.asmdef
  artifactKey: Guid(7a3929c70b3b0446fb56bba195f36f7f) Importer(815301076,1909f56bfc062723c751e8b465ee728b)
Start importing Packages/com.unity.multiplayer-hlapi/Tests/Editor/com.unity.multiplayer-hlapi.EditorTests.asmdef using Guid(7a3929c70b3b0446fb56bba195f36f7f) Importer(815301076,1909f56bfc062723c751e8b465ee728b)  -> (artifact id: '6bec4fcb3634c37d0d7ead20f2afbd00') in 0.013752 seconds 
  Import took 0.035073 seconds .

========================================================================
Received Import Request.
  Time since last request: 0.000303 seconds.
  path: Packages/com.unity.multiplayer-hlapi/Editor/com.unity.multiplayer-hlapi.Editor.asmdef
  artifactKey: Guid(1c73e6e1e2b784953a9212924dc002d1) Importer(815301076,1909f56bfc062723c751e8b465ee728b)
Start importing Packages/com.unity.multiplayer-hlapi/Editor/com.unity.multiplayer-hlapi.Editor.asmdef using Guid(1c73e6e1e2b784953a9212924dc002d1) Importer(815301076,1909f56bfc062723c751e8b465ee728b)  -> (artifact id: '2cc11b67430875f1747c33c4d3a3d9bf') in 0.033487 seconds 
  Import took 0.045831 seconds .

========================================================================
Received Import Request.
  Time since last request: 0.000290 seconds.
  path: Packages/com.unity.multiplayer-hlapi/Tests/Runtime/com.unity.multiplayer-hlapi.Tests.asmdef
  artifactKey: Guid(bfacb3ca089124d95963e1ebe9a83ae5) Importer(815301076,1909f56bfc062723c751e8b465ee728b)
Start importing Packages/com.unity.multiplayer-hlapi/Tests/Runtime/com.unity.multiplayer-hlapi.Tests.asmdef using Guid(bfacb3ca089124d95963e1ebe9a83ae5) Importer(815301076,1909f56bfc062723c751e8b465ee728b)  -> (artifact id: '5d7539eb54a8d72c326e3f6b3cb2bd3e') in 0.010012 seconds 
  Import took 0.054754 seconds .

========================================================================
Received Import Request.
  Time since last request: 0.000417 seconds.
  path: Packages/com.unity.multiplayer-hlapi/Runtime/com.unity.multiplayer-hlapi.Runtime.asmdef
  artifactKey: Guid(a44f47cf3ada4435dbc516bad0bc86fe) Importer(815301076,1909f56bfc062723c751e8b465ee728b)
Start importing Packages/com.unity.multiplayer-hlapi/Runtime/com.unity.multiplayer-hlapi.Runtime.asmdef using Guid(a44f47cf3ada4435dbc516bad0bc86fe) Importer(815301076,1909f56bfc062723c751e8b465ee728b)  -> (artifact id: 'ce932545a114344a3923a9861b574521') in 0.040715 seconds 
  Import took 0.061385 seconds .

========================================================================
Received Import Request.
  Time since last request: 3.797334 seconds.
  path: Packages/com.unity.multiplayer-hlapi/Editor/Tools/Weaver/com.unity.multiplayer-weaver.Editor.asmdef
  artifactKey: Guid(5710c1f859f1945b6bc9b33cff6b43fc) Importer(815301076,1909f56bfc062723c751e8b465ee728b)
Start importing Packages/com.unity.multiplayer-hlapi/Editor/Tools/Weaver/com.unity.multiplayer-weaver.Editor.asmdef using Guid(5710c1f859f1945b6bc9b33cff6b43fc) Importer(815301076,1909f56bfc062723c751e8b465ee728b)  -> (artifact id: '9537c3be1226b56828823a672e89fcd0') in 0.008675 seconds 
  Import took 0.018789 seconds .

========================================================================
Received Import Request.
  Time since last request: 0.000333 seconds.
  path: Packages/com.unity.timeline/DocCodeExamples/DocCodeExamples.asmdef
  artifactKey: Guid(9550f6b9c1ac87345a996c43f204fb30) Importer(815301076,1909f56bfc062723c751e8b465ee728b)
Start importing Packages/com.unity.timeline/DocCodeExamples/DocCodeExamples.asmdef using Guid(9550f6b9c1ac87345a996c43f204fb30) Importer(815301076,1909f56bfc062723c751e8b465ee728b)  -> (artifact id: 'f483ce6ab1cf87d08116251ed81213b3') in 0.012693 seconds 
  Import took 0.027453 seconds .

========================================================================
Received Import Request.
  Time since last request: 3.162360 seconds.
  path: Assets/Oculus/Voice/Lib/Wit.ai/Scripts/Runtime/Facebook.Wit.asmdef
  artifactKey: Guid(4504b1a6e0fdcc3498c30b266e4a63bf) Importer(815301076,1909f56bfc062723c751e8b465ee728b)
Start importing Assets/Oculus/Voice/Lib/Wit.ai/Scripts/Runtime/Facebook.Wit.asmdef using Guid(4504b1a6e0fdcc3498c30b266e4a63bf) Importer(815301076,1909f56bfc062723c751e8b465ee728b)  -> (artifact id: '9922702b99f513f0f50a4a5513162b40') in 0.053367 seconds 
  Import took 0.064212 seconds .

========================================================================
Received Import Request.
  Time since last request: 0.000344 seconds.
  path: Assets/Oculus/AudioManager/Oculus.AudioManager.asmdef
  artifactKey: Guid(21b850ac1b5452b46a20c637f002dbf9) Importer(815301076,1909f56bfc062723c751e8b465ee728b)
Start importing Assets/Oculus/AudioManager/Oculus.AudioManager.asmdef using Guid(21b850ac1b5452b46a20c637f002dbf9) Importer(815301076,1909f56bfc062723c751e8b465ee728b)  -> (artifact id: '98d37576c52702a6311499acd13c162c') in 0.032286 seconds 
  Import took 0.043570 seconds .

========================================================================
Received Import Request.
  Time since last request: 0.000333 seconds.
  path: Assets/Oculus/Voice/Lib/Wit.ai/Scripts/Editor/Facebook.Wit.Editor.asmdef
  artifactKey: Guid(fa958eb9f0171754fb207d563a15ddfa) Importer(815301076,1909f56bfc062723c751e8b465ee728b)
Start importing Assets/Oculus/Voice/Lib/Wit.ai/Scripts/Editor/Facebook.Wit.Editor.asmdef using Guid(fa958eb9f0171754fb207d563a15ddfa) Importer(815301076,1909f56bfc062723c751e8b465ee728b)  -> (artifact id: '494c16b0b3a0f8c42597ba95784ec31f') in 0.066181 seconds 
  Import took 0.076818 seconds .

========================================================================
Received Import Request.
  Time since last request: 0.000299 seconds.
  path: Assets/Oculus/AudioManager/Scripts/Audio/Editor/Oculus.AudioManager.Audio.Editor.asmdef
  artifactKey: Guid(e2367297a6c431949a05cf8078ad917d) Importer(815301076,1909f56bfc062723c751e8b465ee728b)
Start importing Assets/Oculus/AudioManager/Scripts/Audio/Editor/Oculus.AudioManager.Audio.Editor.asmdef using Guid(e2367297a6c431949a05cf8078ad917d) Importer(815301076,1909f56bfc062723c751e8b465ee728b)  -> (artifact id: 'd7911eb72eac2e0e37fdb8b090aa3ec0') in 0.016425 seconds 
  Import took 0.039422 seconds .

========================================================================
Received Import Request.
  Time since last request: 0.925069 seconds.
  path: Assets/Oculus/AudioManager/Scripts/Utils/Editor/Oculus.AudioManager.Utils.Editor.asmdef
  artifactKey: Guid(4e79697c263b8554db87efff0e7046ba) Importer(815301076,1909f56bfc062723c751e8b465ee728b)
Start importing Assets/Oculus/AudioManager/Scripts/Utils/Editor/Oculus.AudioManager.Utils.Editor.asmdef using Guid(4e79697c263b8554db87efff0e7046ba) Importer(815301076,1909f56bfc062723c751e8b465ee728b)  -> (artifact id: '3770b3259404dfd7a1d3567da4a57d06') in 0.046885 seconds 
  Import took 0.058582 seconds .

========================================================================
Received Import Request.
  Time since last request: 0.000268 seconds.
  path: Assets/Oculus/LipSync/Oculus.LipSync.asmdef
  artifactKey: Guid(bf7126905a54c9746b9c475d69312766) Importer(815301076,1909f56bfc062723c751e8b465ee728b)
Start importing Assets/Oculus/LipSync/Oculus.LipSync.asmdef using Guid(bf7126905a54c9746b9c475d69312766) Importer(815301076,1909f56bfc062723c751e8b465ee728b)  -> (artifact id: '842e56b3cf8ea9d73dc943af3f1eaa91') in 0.072260 seconds 
  Import took 0.083516 seconds .

========================================================================
Received Import Request.
  Time since last request: 0.000303 seconds.
  path: Assets/Oculus/LipSync/Editor/Oculus.LipSync.Editor.asmdef
  artifactKey: Guid(a28a0ede888098f48be24ef95777d9bd) Importer(815301076,1909f56bfc062723c751e8b465ee728b)
Start importing Assets/Oculus/LipSync/Editor/Oculus.LipSync.Editor.asmdef using Guid(a28a0ede888098f48be24ef95777d9bd) Importer(815301076,1909f56bfc062723c751e8b465ee728b)  -> (artifact id: 'e8af876795e9504104fcba4c1b0b5978') in 0.016801 seconds 
  Import took 0.093382 seconds .

========================================================================
Received Import Request.
  Time since last request: 0.000262 seconds.
  path: Assets/Oculus/Platform/Oculus.Platform.asmdef
  artifactKey: Guid(dd20cb95be28f0c4bb41a9094b4cf0ad) Importer(815301076,1909f56bfc062723c751e8b465ee728b)
Start importing Assets/Oculus/Platform/Oculus.Platform.asmdef using Guid(dd20cb95be28f0c4bb41a9094b4cf0ad) Importer(815301076,1909f56bfc062723c751e8b465ee728b)  -> (artifact id: '165b97ba4136ae4c4ef48260a6e50288') in 0.083986 seconds 
  Import took 0.096424 seconds .

========================================================================
Received Import Request.
  Time since last request: 58.381554 seconds.
  path: Assets/Oculus/Spatializer/Oculus.Spatializer.asmdef
  artifactKey: Guid(3d2c6c35bff878341a57ebf7a749f298) Importer(815301076,1909f56bfc062723c751e8b465ee728b)
Start importing Assets/Oculus/Spatializer/Oculus.Spatializer.asmdef using Guid(3d2c6c35bff878341a57ebf7a749f298) Importer(815301076,1909f56bfc062723c751e8b465ee728b)  -> (artifact id: '54e76bbf2eca7d7d19fb61297a55c057') in 0.026931 seconds 
  Import took 0.070868 seconds .

========================================================================
Received Import Request.
  Time since last request: 134.920629 seconds.
  path: Assets/Oculus/Spatializer/Oculus.Spatializer.asmdef
  artifactKey: Guid(3d2c6c35bff878341a57ebf7a749f298) Importer(815301076,1909f56bfc062723c751e8b465ee728b)
Start importing Assets/Oculus/Spatializer/Oculus.Spatializer.asmdef using Guid(3d2c6c35bff878341a57ebf7a749f298) Importer(815301076,1909f56bfc062723c751e8b465ee728b)  -> (artifact id: '8a4aae1e5e5cc3cc46abe55d74b50619') in 0.021362 seconds 
  Import took 0.070788 seconds .

========================================================================
Received Import Request.
  Time since last request: 230.973214 seconds.
  path: Assets/Oculus/Spatializer/Oculus.Spatializer.asmdef
  artifactKey: Guid(3d2c6c35bff878341a57ebf7a749f298) Importer(815301076,1909f56bfc062723c751e8b465ee728b)
Start importing Assets/Oculus/Spatializer/Oculus.Spatializer.asmdef using Guid(3d2c6c35bff878341a57ebf7a749f298) Importer(815301076,1909f56bfc062723c751e8b465ee728b)  -> (artifact id: '1df39118cb2860f17319b39ed12e632f') in 0.009910 seconds 
  Import took 0.022002 seconds .

========================================================================
Received Import Request.
  Time since last request: 101.145100 seconds.
  path: Assets/Oculus/Platform/Editor/Oculus.Platform.Editor.asmdef
  artifactKey: Guid(50018aa3865344b46bacf7e6cd960b4d) Importer(815301076,1909f56bfc062723c751e8b465ee728b)
Start importing Assets/Oculus/Platform/Editor/Oculus.Platform.Editor.asmdef using Guid(50018aa3865344b46bacf7e6cd960b4d) Importer(815301076,1909f56bfc062723c751e8b465ee728b)  -> (artifact id: '86a9a2065a46b263faae3b41b5a50173') in 0.011897 seconds 
  Import took 0.030050 seconds .

========================================================================
Received Import Request.
  Time since last request: 0.000252 seconds.
  path: Assets/Oculus/VR/Oculus.VR.asmdef
  artifactKey: Guid(f64c9ebcd7899c3448a08dc9f9ddbe30) Importer(815301076,1909f56bfc062723c751e8b465ee728b)
Start importing Assets/Oculus/VR/Oculus.VR.asmdef using Guid(f64c9ebcd7899c3448a08dc9f9ddbe30) Importer(815301076,1909f56bfc062723c751e8b465ee728b)  -> (artifact id: '392647b24c91307830e67a6db4643d8d') in 0.017957 seconds 
  Import took 0.090745 seconds .

========================================================================
Received Import Request.
  Time since last request: 0.000494 seconds.
  path: Packages/com.unity.collab-proxy/Editor/Collaborate/Unity.CollabProxy.Editor.asmdef
  artifactKey: Guid(17b36165d09634a48bf5a0e4bb27f4bd) Importer(815301076,1909f56bfc062723c751e8b465ee728b)
Start importing Packages/com.unity.collab-proxy/Editor/Collaborate/Unity.CollabProxy.Editor.asmdef using Guid(17b36165d09634a48bf5a0e4bb27f4bd) Importer(815301076,1909f56bfc062723c751e8b465ee728b)  -> (artifact id: '983dac70fab3ee3b530c057e9c6d8fa7') in 0.039925 seconds 
  Import took 0.096569 seconds .

========================================================================
Received Import Request.
  Time since last request: 0.000361 seconds.
  path: Assets/Oculus/VR/Scripts/Editor/Oculus.VR.Scripts.Editor.asmdef
  artifactKey: Guid(7305c54a43f3814439df347c7519653e) Importer(815301076,1909f56bfc062723c751e8b465ee728b)
Start importing Assets/Oculus/VR/Scripts/Editor/Oculus.VR.Scripts.Editor.asmdef using Guid(7305c54a43f3814439df347c7519653e) Importer(815301076,1909f56bfc062723c751e8b465ee728b)  -> (artifact id: '0e05ea345980b6e34c72f4b8a7f617fe') in 0.041766 seconds 
  Import took 0.094436 seconds .

========================================================================
Received Import Request.
  Time since last request: 0.000709 seconds.
  path: Packages/com.unity.collab-proxy/Tests/Editor/Collaborate/Unity.CollabProxy.EditorTests.asmdef
  artifactKey: Guid(88c7566234a7f32409f05c32e6ae7b3e) Importer(815301076,1909f56bfc062723c751e8b465ee728b)
Start importing Packages/com.unity.collab-proxy/Tests/Editor/Collaborate/Unity.CollabProxy.EditorTests.asmdef using Guid(88c7566234a7f32409f05c32e6ae7b3e) Importer(815301076,1909f56bfc062723c751e8b465ee728b)  -> (artifact id: '80bf327da0f9c1b59dec8c0719c59719') in 0.013609 seconds 
  Import took 0.040529 seconds .

========================================================================
Received Import Request.
  Time since last request: 0.000404 seconds.
  path: Assets/Oculus/VR/Editor/Oculus.VR.Editor.asmdef
  artifactKey: Guid(d2761a0af0f567748a72629d4bb18a26) Importer(815301076,1909f56bfc062723c751e8b465ee728b)
Start importing Assets/Oculus/VR/Editor/Oculus.VR.Editor.asmdef using Guid(d2761a0af0f567748a72629d4bb18a26) Importer(815301076,1909f56bfc062723c751e8b465ee728b)  -> (artifact id: '24b0a1de242e1da2776d4eb430f5ae74') in 0.014083 seconds 
  Import took 0.035430 seconds .

========================================================================
Received Import Request.
  Time since last request: 50.991969 seconds.
  path: Assets/Oculus/Spatializer/Oculus.Spatializer.asmdef
  artifactKey: Guid(3d2c6c35bff878341a57ebf7a749f298) Importer(815301076,1909f56bfc062723c751e8b465ee728b)
Start importing Assets/Oculus/Spatializer/Oculus.Spatializer.asmdef using Guid(3d2c6c35bff878341a57ebf7a749f298) Importer(815301076,1909f56bfc062723c751e8b465ee728b)  -> (artifact id: '7eece2a2d6d7c80b9b9288a377a19b2f') in 0.011874 seconds 
  Import took 0.030354 seconds .

========================================================================
Received Import Request.
  Time since last request: 34.769094 seconds.
  path: Assets/Oculus/Spatializer/Oculus.Spatializer.asmdef
  artifactKey: Guid(3d2c6c35bff878341a57ebf7a749f298) Importer(815301076,1909f56bfc062723c751e8b465ee728b)
Start importing Assets/Oculus/Spatializer/Oculus.Spatializer.asmdef using Guid(3d2c6c35bff878341a57ebf7a749f298) Importer(815301076,1909f56bfc062723c751e8b465ee728b)  -> (artifact id: '40cf748bd41d3ad4782f292ae82c9dc9') in 0.008104 seconds 
  Import took 0.075063 seconds .

========================================================================
Received Import Request.
  Time since last request: 307.911314 seconds.
  path: Assets/Oculus/Spatializer/editor/Oculus.Spatializer.Editor.asmdef
  artifactKey: Guid(5c45576b5244bbf4ebf491eae8b06528) Importer(815301076,1909f56bfc062723c751e8b465ee728b)
Start importing Assets/Oculus/Spatializer/editor/Oculus.Spatializer.Editor.asmdef using Guid(5c45576b5244bbf4ebf491eae8b06528) Importer(815301076,1909f56bfc062723c751e8b465ee728b)  -> (artifact id: 'b532048022a5ef368b3bd170807893ee') in 0.025822 seconds 
  Import took 0.133400 seconds .

========================================================================
Received Import Request.
  Time since last request: 70.489869 seconds.
  path: Assets/Oculus/Spatializer/editor/Oculus.Spatializer.Editor.asmdef
  artifactKey: Guid(5c45576b5244bbf4ebf491eae8b06528) Importer(815301076,1909f56bfc062723c751e8b465ee728b)
Start importing Assets/Oculus/Spatializer/editor/Oculus.Spatializer.Editor.asmdef using Guid(5c45576b5244bbf4ebf491eae8b06528) Importer(815301076,1909f56bfc062723c751e8b465ee728b)  -> (artifact id: '081b8849e637b6037286f8534e45c981') in 0.016491 seconds 
  Import took 0.078090 seconds .

========================================================================
Received Import Request.
  Time since last request: 19.289022 seconds.
  path: Assets/Oculus/Spatializer/Oculus.Spatializer.asmdef
  artifactKey: Guid(3d2c6c35bff878341a57ebf7a749f298) Importer(815301076,1909f56bfc062723c751e8b465ee728b)
Start importing Assets/Oculus/Spatializer/Oculus.Spatializer.asmdef using Guid(3d2c6c35bff878341a57ebf7a749f298) Importer(815301076,1909f56bfc062723c751e8b465ee728b)  -> (artifact id: 'd812101e9063277b2486c33fa0d4eee6') in 0.019860 seconds 
  Import took 0.036980 seconds .

========================================================================
Received Import Request.
  Time since last request: 103.338868 seconds.
  path: Assets/Oculus/Spatializer/Oculus.Spatializer.asmdef
  artifactKey: Guid(3d2c6c35bff878341a57ebf7a749f298) Importer(815301076,1909f56bfc062723c751e8b465ee728b)
Start importing Assets/Oculus/Spatializer/Oculus.Spatializer.asmdef using Guid(3d2c6c35bff878341a57ebf7a749f298) Importer(815301076,1909f56bfc062723c751e8b465ee728b)  -> (artifact id: '48f3a783d0356eed7032052532c1ca23') in 0.102839 seconds 
  Import took 0.158740 seconds .

========================================================================
Received Import Request.
  Time since last request: 45.328544 seconds.
  path: Assets/Oculus/SampleFramework/Usage/DistanceGrab/Prefabs/OutlineItems/DistanceGrabOculusWaterBottlePf.prefab
  artifactKey: Guid(269666423cfb5994c9d52e58a9ee03d5) Importer(815301076,1909f56bfc062723c751e8b465ee728b)
Start importing Assets/Oculus/SampleFramework/Usage/DistanceGrab/Prefabs/OutlineItems/DistanceGrabOculusWaterBottlePf.prefab using Guid(269666423cfb5994c9d52e58a9ee03d5) Importer(815301076,1909f56bfc062723c751e8b465ee728b)  -> (artifact id: 'dc6f5446b75bd99bb54a8567f63232b2') in 56.440687 seconds 
  Import took 56.454607 seconds .

========================================================================
Received Import Request.
  Time since last request: 0.000319 seconds.
  path: Assets/Oculus/LipSync/Oculus.LipSync.asmdef
  artifactKey: Guid(bf7126905a54c9746b9c475d69312766) Importer(815301076,1909f56bfc062723c751e8b465ee728b)
Start importing Assets/Oculus/LipSync/Oculus.LipSync.asmdef using Guid(bf7126905a54c9746b9c475d69312766) Importer(815301076,1909f56bfc062723c751e8b465ee728b)  -> (artifact id: '44ef1d1c89988c0f54f288b1b099fb1b') in 0.006867 seconds 
  Import took 0.066182 seconds .

========================================================================
Received Import Request.
  Time since last request: 0.000367 seconds.
  path: Assets/Oculus/Platform/Oculus.Platform.asmdef
  artifactKey: Guid(dd20cb95be28f0c4bb41a9094b4cf0ad) Importer(815301076,1909f56bfc062723c751e8b465ee728b)
Start importing Assets/Oculus/Platform/Oculus.Platform.asmdef using Guid(dd20cb95be28f0c4bb41a9094b4cf0ad) Importer(815301076,1909f56bfc062723c751e8b465ee728b)  -> (artifact id: '1d869c83d639a6f9210c95f85b122c52') in 0.014904 seconds 
  Import took 0.062729 seconds .

========================================================================
Received Import Request.
  Time since last request: 31.572745 seconds.
  path: Assets/Oculus/VR/Oculus.VR.asmdef
  artifactKey: Guid(f64c9ebcd7899c3448a08dc9f9ddbe30) Importer(815301076,1909f56bfc062723c751e8b465ee728b)
Start importing Assets/Oculus/VR/Oculus.VR.asmdef using Guid(f64c9ebcd7899c3448a08dc9f9ddbe30) Importer(815301076,1909f56bfc062723c751e8b465ee728b)  -> (artifact id: '31f7c6aef2bf663e65a40efe96a56354') in 0.009458 seconds 
  Import took 0.080563 seconds .

========================================================================
Received Import Request.
  Time since last request: 146.829867 seconds.
  path: Assets/Oculus/VR/Editor/Oculus.VR.Editor.asmdef
  artifactKey: Guid(d2761a0af0f567748a72629d4bb18a26) Importer(815301076,1909f56bfc062723c751e8b465ee728b)
Start importing Assets/Oculus/VR/Editor/Oculus.VR.Editor.asmdef using Guid(d2761a0af0f567748a72629d4bb18a26) Importer(815301076,1909f56bfc062723c751e8b465ee728b)  -> (artifact id: '81db52d777acaaedbf9c5924160ad470') in 0.088420 seconds 
  Import took 0.125129 seconds .

========================================================================
Received Import Request.
  Time since last request: 35.197080 seconds.
  path: Assets/Oculus/VR/Scripts/Editor/Oculus.VR.Scripts.Editor.asmdef
  artifactKey: Guid(7305c54a43f3814439df347c7519653e) Importer(815301076,1909f56bfc062723c751e8b465ee728b)
Start importing Assets/Oculus/VR/Scripts/Editor/Oculus.VR.Scripts.Editor.asmdef using Guid(7305c54a43f3814439df347c7519653e) Importer(815301076,1909f56bfc062723c751e8b465ee728b)  -> (artifact id: '4675388566b87e728aaceaead79beba7') in 0.013760 seconds 
  Import took 0.032321 seconds .

========================================================================
Received Import Request.
  Time since last request: 36.675846 seconds.
  path: Assets/Oculus/AudioManager/Oculus.AudioManager.asmdef
  artifactKey: Guid(21b850ac1b5452b46a20c637f002dbf9) Importer(815301076,1909f56bfc062723c751e8b465ee728b)
Start importing Assets/Oculus/AudioManager/Oculus.AudioManager.asmdef using Guid(21b850ac1b5452b46a20c637f002dbf9) Importer(815301076,1909f56bfc062723c751e8b465ee728b)  -> (artifact id: 'f264286b6bf302a779064161f705c496') in 0.013350 seconds 
  Import took 0.052000 seconds .

========================================================================
Received Import Request.
  Time since last request: 16.095305 seconds.
  path: Assets/Oculus/AudioManager/Scripts/Audio/Editor/Oculus.AudioManager.Audio.Editor.asmdef
  artifactKey: Guid(e2367297a6c431949a05cf8078ad917d) Importer(815301076,1909f56bfc062723c751e8b465ee728b)
Start importing Assets/Oculus/AudioManager/Scripts/Audio/Editor/Oculus.AudioManager.Audio.Editor.asmdef using Guid(e2367297a6c431949a05cf8078ad917d) Importer(815301076,1909f56bfc062723c751e8b465ee728b)  -> (artifact id: '41a4e02123c0be47ec60fe67f26d6e59') in 0.012490 seconds 
  Import took 0.048075 seconds .

========================================================================
Received Import Request.
  Time since last request: 16.997129 seconds.
  path: Assets/Oculus/AudioManager/Scripts/Utils/Editor/Oculus.AudioManager.Utils.Editor.asmdef
  artifactKey: Guid(4e79697c263b8554db87efff0e7046ba) Importer(815301076,1909f56bfc062723c751e8b465ee728b)
Start importing Assets/Oculus/AudioManager/Scripts/Utils/Editor/Oculus.AudioManager.Utils.Editor.asmdef using Guid(4e79697c263b8554db87efff0e7046ba) Importer(815301076,1909f56bfc062723c751e8b465ee728b)  -> (artifact id: '8b2b596961603d0e30dcbfff41974419') in 0.012304 seconds 
  Import took 0.060247 seconds .

========================================================================
Received Import Request.
  Time since last request: 16.823497 seconds.
  path: Assets/Oculus/LipSync/Editor/Oculus.LipSync.Editor.asmdef
  artifactKey: Guid(a28a0ede888098f48be24ef95777d9bd) Importer(815301076,1909f56bfc062723c751e8b465ee728b)
Start importing Assets/Oculus/LipSync/Editor/Oculus.LipSync.Editor.asmdef using Guid(a28a0ede888098f48be24ef95777d9bd) Importer(815301076,1909f56bfc062723c751e8b465ee728b)  -> (artifact id: '9937a650127888e4d31c254f9f41b0d3') in 0.009791 seconds 
  Import took 0.039530 seconds .

========================================================================
Received Import Request.
  Time since last request: 16.344621 seconds.
  path: Assets/Oculus/Platform/Editor/Oculus.Platform.Editor.asmdef
  artifactKey: Guid(50018aa3865344b46bacf7e6cd960b4d) Importer(815301076,1909f56bfc062723c751e8b465ee728b)
Start importing Assets/Oculus/Platform/Editor/Oculus.Platform.Editor.asmdef using Guid(50018aa3865344b46bacf7e6cd960b4d) Importer(815301076,1909f56bfc062723c751e8b465ee728b)  -> (artifact id: '27e6c9822d29e5bd86dbba4fcd851950') in 0.029490 seconds 
  Import took 0.071160 seconds .

========================================================================
Received Import Request.
  Time since last request: 12.146567 seconds.
  path: Assets/Oculus/Spatializer/editor/Oculus.Spatializer.Editor.asmdef
  artifactKey: Guid(5c45576b5244bbf4ebf491eae8b06528) Importer(815301076,1909f56bfc062723c751e8b465ee728b)
Start importing Assets/Oculus/Spatializer/editor/Oculus.Spatializer.Editor.asmdef using Guid(5c45576b5244bbf4ebf491eae8b06528) Importer(815301076,1909f56bfc062723c751e8b465ee728b)  -> (artifact id: '664334748368c80682869544ba4e932d') in 0.014911 seconds 
  Import took 0.091827 seconds .

========================================================================
Received Import Request.
  Time since last request: 17.637327 seconds.
  path: Assets/Oculus/VR/Scripts/Editor/Oculus.VR.Scripts.Editor.asmdef
  artifactKey: Guid(7305c54a43f3814439df347c7519653e) Importer(815301076,1909f56bfc062723c751e8b465ee728b)
Start importing Assets/Oculus/VR/Scripts/Editor/Oculus.VR.Scripts.Editor.asmdef using Guid(7305c54a43f3814439df347c7519653e) Importer(815301076,1909f56bfc062723c751e8b465ee728b)  -> (artifact id: '178abb4300701dc63f3eb30c4461b766') in 0.014665 seconds 
  Import took 0.062872 seconds .

========================================================================
Received Import Request.
  Time since last request: 271.199618 seconds.
  path: Assets/Oculus/SampleFramework/Usage/SharedAssets/Models/ball_soccer_01.fbx
  artifactKey: Guid(dfd14d25717789f4796c172f0155c366) Importer(815301076,1909f56bfc062723c751e8b465ee728b)
Start importing Assets/Oculus/SampleFramework/Usage/SharedAssets/Models/ball_soccer_01.fbx using Guid(dfd14d25717789f4796c172f0155c366) Importer(815301076,1909f56bfc062723c751e8b465ee728b)  -> (artifact id: '4f624725606fb310f30e14a1b40d4218') in 1.389445 seconds 
  Import took 1.412008 seconds .

========================================================================
Received Import Request.
  Time since last request: 96.970172 seconds.
  path: Assets/Oculus/OculusProjectConfig.asset
  artifactKey: Guid(99c0d806eb5cbe24da5e78ee5659c393) Importer(815301076,1909f56bfc062723c751e8b465ee728b)
Start importing Assets/Oculus/OculusProjectConfig.asset using Guid(99c0d806eb5cbe24da5e78ee5659c393) Importer(815301076,1909f56bfc062723c751e8b465ee728b)  -> (artifact id: '443608fcb244de1d249fa635d2b807ad') in 0.171457 seconds 
  Import took 0.186655 seconds .

========================================================================
Received Import Request.
  Time since last request: 283.424618 seconds.
  path: Assets/Oculus/AudioManager/Oculus.AudioManager.asmdef
  artifactKey: Guid(21b850ac1b5452b46a20c637f002dbf9) Importer(815301076,1909f56bfc062723c751e8b465ee728b)
Start importing Assets/Oculus/AudioManager/Oculus.AudioManager.asmdef using Guid(21b850ac1b5452b46a20c637f002dbf9) Importer(815301076,1909f56bfc062723c751e8b465ee728b)  -> (artifact id: '3edda4b991a4848930948de6b2d4c6c0') in 0.061370 seconds 
  Import took 1.412953 seconds .

========================================================================
Received Import Request.
  Time since last request: 73.605038 seconds.
  path: Assets/Oculus/AudioManager/Oculus.AudioManager.asmdef
  artifactKey: Guid(21b850ac1b5452b46a20c637f002dbf9) Importer(815301076,1909f56bfc062723c751e8b465ee728b)
Start importing Assets/Oculus/AudioManager/Oculus.AudioManager.asmdef using Guid(21b850ac1b5452b46a20c637f002dbf9) Importer(815301076,1909f56bfc062723c751e8b465ee728b)  -> (artifact id: 'b0bcc8fb3e185c9e9a2a2d7777844759') in 0.176903 seconds 
  Import took 0.203565 seconds .

AssetImportWorkerClient::OnTransportError - code=2 error=End of file
